Arguments: 
  /Users/abumusamq/.nvm/versions/node/v14.15.0/bin/node /Users/abumusamq/.yarn/bin/yarn.js deployfn

PATH: 
  /opt/local/bin:/opt/local/sbin:/Users/abumusamq/.nvm/versions/node/v14.15.0/bin:/Users/abumusamq/.yarn/bin:/usr/local/bin:/Users/abumusamq/.config/yarn/global/node_modules/.bin:/usr/local/bin:/usr/bin:/bin:/usr/sbin:/sbin:/Library/Apple/usr/bin

Yarn version: 
  1.21.1

Node version: 
  14.15.0

Platform: 
  darwin x64

Trace: 
  SyntaxError: /Users/abumusamq/Projects/firewebkit/functions-samples/package.json: Unexpected string in JSON at position 270
      at JSON.parse (<anonymous>)
      at /Users/abumusamq/.yarn/lib/cli.js:1625:59
      at Generator.next (<anonymous>)
      at step (/Users/abumusamq/.yarn/lib/cli.js:310:30)
      at /Users/abumusamq/.yarn/lib/cli.js:321:13

npm manifest: 
  {
    "name": "functions-samples",
    "private": true,
    "version": "1.0.0",
    "main": "index.js",
    "repository": "git@github.com:firewebkit/functions-samples.git",
    "license": "MIT",
    "scripts": {
      "start-resize-image": "yarn --cwd functions/resize-image start"
      "deployfn": "firewebkit deployfn resize-image"
    }
  }

yarn manifest: 
  No manifest

Lockfile: 
  # THIS IS AN AUTOGENERATED FILE. DO NOT EDIT THIS FILE DIRECTLY.
  # yarn lockfile v1
